CRITICAL - 2025-07-23 02:04:01 --> Error: Undefined constant "CodeIgniter\Database\MySQLi\MYSQLI_STORE_RESULT"
in SYSTEMPATH/Database/Database.php on line 137.
 1 SYSTEMPATH/Database/Database.php(55): CodeIgniter\Database\Database->initDriver()
 2 SYSTEMPATH/Database/Config.php(82): CodeIgniter\Database\Database->load()
 3 SYSTEMPATH/Model.php(154): CodeIgniter\Database\Config::connect()
 4 APPPATH/Controllers/Home.php(12): CodeIgniter\Model->__construct()
 5 SYSTEMPATH/CodeIgniter.php(915): App\Controllers\Home->__construct()
 6 SYSTEMPATH/CodeIgniter.php(494): CodeIgniter\CodeIgniter->createController()
 7 SYSTEMPATH/CodeIgniter.php(361): CodeIgniter\CodeIgniter->handleRequest()
 8 FCPATH/index.php(79): CodeIgniter\CodeIgniter->run()
 9 SYSTEMPATH/Commands/Server/rewrite.php(47): require_once('/home/aldair-martinez/Descargas/prueba_tecnica/public/index.php')
CRITICAL - 2025-07-23 02:08:28 --> Error: Call to undefined function form_open()
in APPPATH/Views/usuarios/agregar.php on line 4.
 1 SYSTEMPATH/View/View.php(228): include()
 2 SYSTEMPATH/View/View.php(231): CodeIgniter\View\View->CodeIgniter\View\{closure}()
 3 SYSTEMPATH/Common.php(1178): CodeIgniter\View\View->render()
 4 APPPATH/Controllers/BaseController.php(51): view()
 5 APPPATH/Controllers/Home.php(45): App\Controllers\BaseController->renderView()
 6 SYSTEMPATH/CodeIgniter.php(943): App\Controllers\Home->agregarUsuario()
 7 SYSTEMPATH/CodeIgniter.php(503): CodeIgniter\CodeIgniter->runController()
 8 SYSTEMPATH/CodeIgniter.php(361): CodeIgniter\CodeIgniter->handleRequest()
 9 FCPATH/index.php(79): CodeIgniter\CodeIgniter->run()
10 SYSTEMPATH/Commands/Server/rewrite.php(47): require_once('/home/aldair-martinez/Descargas/prueba_tecnica/public/index.php')
ERROR - 2025-07-23 02:36:59 --> Error al consultar CP: 28 : Connection timed out after 5003 milliseconds
ERROR - 2025-07-23 02:38:02 --> Error al consultar CP: 28 : Connection timed out after 5001 milliseconds
ERROR - 2025-07-23 02:42:00 --> Error API CP: 28 : Connection timed out after 10002 milliseconds
ERROR - 2025-07-23 02:42:15 --> Error API CP: 28 : Connection timed out after 10002 milliseconds
INFO - 2025-07-23 02:44:13 --> CSRF token verified.
INFO - 2025-07-23 02:44:13 --> Session: Class initialized using 'CodeIgniter\Session\Handlers\FileHandler' driver.
ERROR - 2025-07-23 02:48:56 --> Error API CP: 6 : Could not resolve host: api.correosdemexico.gob.mx
INFO - 2025-07-23 03:21:37 --> CSRF token verified.
INFO - 2025-07-23 03:21:37 --> Session: Class initialized using 'CodeIgniter\Session\Handlers\FileHandler' driver.
CRITICAL - 2025-07-23 03:27:31 --> Error: Class "App\Controllers\DireccionModel" not found
in APPPATH/Controllers/Home.php on line 14.
 1 SYSTEMPATH/CodeIgniter.php(915): App\Controllers\Home->__construct()
 2 SYSTEMPATH/CodeIgniter.php(494): CodeIgniter\CodeIgniter->createController()
 3 SYSTEMPATH/CodeIgniter.php(361): CodeIgniter\CodeIgniter->handleRequest()
 4 FCPATH/index.php(79): CodeIgniter\CodeIgniter->run()
 5 SYSTEMPATH/Commands/Server/rewrite.php(47): require_once('/home/aldair-martinez/Descargas/prueba_tecnica/public/index.php')
INFO - 2025-07-23 03:28:25 --> CSRF token verified.
CRITICAL - 2025-07-23 03:28:25 --> ErrorException: Undefined property: App\Controllers\Home::$db
in APPPATH/Controllers/Home.php on line 43.
 1 APPPATH/Controllers/Home.php(43): CodeIgniter\Debug\Exceptions->errorHandler()
 2 SYSTEMPATH/CodeIgniter.php(943): App\Controllers\Home->agregarUsuario()
 3 SYSTEMPATH/CodeIgniter.php(503): CodeIgniter\CodeIgniter->runController()
 4 SYSTEMPATH/CodeIgniter.php(361): CodeIgniter\CodeIgniter->handleRequest()
 5 FCPATH/index.php(79): CodeIgniter\CodeIgniter->run()
 6 SYSTEMPATH/Commands/Server/rewrite.php(47): require_once('/home/aldair-martinez/Descargas/prueba_tecnica/public/index.php')
INFO - 2025-07-23 03:30:45 --> CSRF token verified.
INFO - 2025-07-23 03:30:45 --> Session: Class initialized using 'CodeIgniter\Session\Handlers\FileHandler' driver.
INFO - 2025-07-23 03:31:05 --> CSRF token verified.
INFO - 2025-07-23 03:31:43 --> CSRF token verified.
INFO - 2025-07-23 03:31:43 --> Session: Class initialized using 'CodeIgniter\Session\Handlers\FileHandler' driver.
INFO - 2025-07-23 03:33:42 --> CSRF token verified.
INFO - 2025-07-23 03:33:45 --> CSRF token verified.
INFO - 2025-07-23 03:33:48 --> CSRF token verified.
INFO - 2025-07-23 03:39:30 --> CSRF token verified.
INFO - 2025-07-23 03:39:30 --> Session: Class initialized using 'CodeIgniter\Session\Handlers\FileHandler' driver.
INFO - 2025-07-23 03:54:39 --> Session: Class initialized using 'CodeIgniter\Session\Handlers\FileHandler' driver.
INFO - 2025-07-23 03:54:46 --> CSRF token verified.
INFO - 2025-07-23 03:54:46 --> Session: Class initialized using 'CodeIgniter\Session\Handlers\FileHandler' driver.
INFO - 2025-07-23 03:54:59 --> Session: Class initialized using 'CodeIgniter\Session\Handlers\FileHandler' driver.
INFO - 2025-07-23 04:08:13 --> Session: Class initialized using 'CodeIgniter\Session\Handlers\FileHandler' driver.
CRITICAL - 2025-07-23 04:37:11 --> CodeIgniter\View\Exceptions\ViewException: Invalid file: "users/add.php"
in SYSTEMPATH/Exceptions/FrameworkException.php on line 39.
 1 SYSTEMPATH/View/View.php(216): CodeIgniter\Exceptions\FrameworkException::forInvalidFile()
 2 SYSTEMPATH/Common.php(1178): CodeIgniter\View\View->render()
 3 APPPATH/Controllers/BaseController.php(50): view()
 4 APPPATH/Controllers/Home.php(86): App\Controllers\BaseController->renderView()
 5 SYSTEMPATH/CodeIgniter.php(943): App\Controllers\Home->addUser()
 6 SYSTEMPATH/CodeIgniter.php(503): CodeIgniter\CodeIgniter->runController()
 7 SYSTEMPATH/CodeIgniter.php(361): CodeIgniter\CodeIgniter->handleRequest()
 8 FCPATH/index.php(79): CodeIgniter\CodeIgniter->run()
 9 SYSTEMPATH/Commands/Server/rewrite.php(47): require_once('/home/aldair-martinez/Descargas/prueba_tecnica/public/index.php')
CRITICAL - 2025-07-23 04:39:02 --> CodeIgniter\View\Exceptions\ViewException: Invalid file: "users/add.php"
in SYSTEMPATH/Exceptions/FrameworkException.php on line 39.
 1 SYSTEMPATH/View/View.php(216): CodeIgniter\Exceptions\FrameworkException::forInvalidFile()
 2 SYSTEMPATH/Common.php(1178): CodeIgniter\View\View->render()
 3 APPPATH/Controllers/BaseController.php(50): view()
 4 APPPATH/Controllers/Home.php(86): App\Controllers\BaseController->renderView()
 5 SYSTEMPATH/CodeIgniter.php(943): App\Controllers\Home->addUser()
 6 SYSTEMPATH/CodeIgniter.php(503): CodeIgniter\CodeIgniter->runController()
 7 SYSTEMPATH/CodeIgniter.php(361): CodeIgniter\CodeIgniter->handleRequest()
 8 FCPATH/index.php(79): CodeIgniter\CodeIgniter->run()
 9 SYSTEMPATH/Commands/Server/rewrite.php(47): require_once('/home/aldair-martinez/Descargas/prueba_tecnica/public/index.php')
CRITICAL - 2025-07-23 04:43:42 --> ErrorException: Undefined variable $user
in APPPATH/Views/users/view.php on line 11.
 1 APPPATH/Views/users/view.php(11): CodeIgniter\Debug\Exceptions->errorHandler()
 2 SYSTEMPATH/View/View.php(228): include('/home/aldair-martinez/Descargas/prueba_tecnica/app/Views/users/view.php')
 3 SYSTEMPATH/View/View.php(231): CodeIgniter\View\View->CodeIgniter\View\{closure}()
 4 SYSTEMPATH/Common.php(1178): CodeIgniter\View\View->render()
 5 APPPATH/Controllers/BaseController.php(50): view()
 6 APPPATH/Controllers/Home.php(104): App\Controllers\BaseController->renderView()
 7 SYSTEMPATH/CodeIgniter.php(943): App\Controllers\Home->viewUser()
 8 SYSTEMPATH/CodeIgniter.php(503): CodeIgniter\CodeIgniter->runController()
 9 SYSTEMPATH/CodeIgniter.php(361): CodeIgniter\CodeIgniter->handleRequest()
10 FCPATH/index.php(79): CodeIgniter\CodeIgniter->run()
11 SYSTEMPATH/Commands/Server/rewrite.php(47): require_once('/home/aldair-martinez/Descargas/prueba_tecnica/public/index.php')
CRITICAL - 2025-07-23 04:44:07 --> ErrorException: Undefined variable $address
in APPPATH/Views/users/view.php on line 29.
 1 APPPATH/Views/users/view.php(29): CodeIgniter\Debug\Exceptions->errorHandler()
 2 SYSTEMPATH/View/View.php(228): include('/home/aldair-martinez/Descargas/prueba_tecnica/app/Views/users/view.php')
 3 SYSTEMPATH/View/View.php(231): CodeIgniter\View\View->CodeIgniter\View\{closure}()
 4 SYSTEMPATH/Common.php(1178): CodeIgniter\View\View->render()
 5 APPPATH/Controllers/BaseController.php(50): view()
 6 APPPATH/Controllers/Home.php(104): App\Controllers\BaseController->renderView()
 7 SYSTEMPATH/CodeIgniter.php(943): App\Controllers\Home->viewUser()
 8 SYSTEMPATH/CodeIgniter.php(503): CodeIgniter\CodeIgniter->runController()
 9 SYSTEMPATH/CodeIgniter.php(361): CodeIgniter\CodeIgniter->handleRequest()
10 FCPATH/index.php(79): CodeIgniter\CodeIgniter->run()
11 SYSTEMPATH/Commands/Server/rewrite.php(47): require_once('/home/aldair-martinez/Descargas/prueba_tecnica/public/index.php')
INFO - 2025-07-23 04:45:33 --> Session: Class initialized using 'CodeIgniter\Session\Handlers\FileHandler' driver.
INFO - 2025-07-23 04:45:53 --> Session: Class initialized using 'CodeIgniter\Session\Handlers\FileHandler' driver.
INFO - 2025-07-23 04:46:21 --> Session: Class initialized using 'CodeIgniter\Session\Handlers\FileHandler' driver.
CRITICAL - 2025-07-23 05:00:04 --> ErrorException: Undefined variable $usuarios
in APPPATH/Views/users/report.php on line 20.
 1 APPPATH/Views/users/report.php(20): CodeIgniter\Debug\Exceptions->errorHandler()
 2 SYSTEMPATH/View/View.php(228): include('/home/aldair-martinez/Descargas/prueba_tecnica/app/Views/users/report.php')
 3 SYSTEMPATH/View/View.php(231): CodeIgniter\View\View->CodeIgniter\View\{closure}()
 4 SYSTEMPATH/Common.php(1178): CodeIgniter\View\View->render()
 5 APPPATH/Controllers/BaseController.php(50): view()
 6 APPPATH/Controllers/Home.php(208): App\Controllers\BaseController->renderView()
 7 SYSTEMPATH/CodeIgniter.php(943): App\Controllers\Home->report()
 8 SYSTEMPATH/CodeIgniter.php(503): CodeIgniter\CodeIgniter->runController()
 9 SYSTEMPATH/CodeIgniter.php(361): CodeIgniter\CodeIgniter->handleRequest()
10 FCPATH/index.php(79): CodeIgniter\CodeIgniter->run()
11 SYSTEMPATH/Commands/Server/rewrite.php(47): require_once('/home/aldair-martinez/Descargas/prueba_tecnica/public/index.php')
INFO - 2025-07-23 05:07:31 --> CSRF token verified.
INFO - 2025-07-23 05:07:31 --> Session: Class initialized using 'CodeIgniter\Session\Handlers\FileHandler' driver.
INFO - 2025-07-23 05:07:37 --> Session: Class initialized using 'CodeIgniter\Session\Handlers\FileHandler' driver.
INFO - 2025-07-23 05:07:42 --> CSRF token verified.
INFO - 2025-07-23 05:07:42 --> Session: Class initialized using 'CodeIgniter\Session\Handlers\FileHandler' driver.
CRITICAL - 2025-07-23 05:10:45 --> CodeIgniter\HTTP\Exceptions\BadRequestException: The URI you submitted has disallowed characters: "<"
in SYSTEMPATH/Router/Router.php on line 704.
 1 SYSTEMPATH/Router/Router.php(195): CodeIgniter\Router\Router->checkDisallowedChars()
 2 SYSTEMPATH/CodeIgniter.php(825): CodeIgniter\Router\Router->handle()
 3 SYSTEMPATH/CodeIgniter.php(450): CodeIgniter\CodeIgniter->tryToRouteIt()
 4 SYSTEMPATH/CodeIgniter.php(361): CodeIgniter\CodeIgniter->handleRequest()
 5 FCPATH/index.php(79): CodeIgniter\CodeIgniter->run()
 6 SYSTEMPATH/Commands/Server/rewrite.php(47): require_once('/home/aldair-martinez/Descargas/prueba_tecnica/public/index.php')
CRITICAL - 2025-07-23 05:10:48 --> CodeIgniter\HTTP\Exceptions\BadRequestException: The URI you submitted has disallowed characters: "<"
in SYSTEMPATH/Router/Router.php on line 704.
 1 SYSTEMPATH/Router/Router.php(195): CodeIgniter\Router\Router->checkDisallowedChars()
 2 SYSTEMPATH/CodeIgniter.php(825): CodeIgniter\Router\Router->handle()
 3 SYSTEMPATH/CodeIgniter.php(450): CodeIgniter\CodeIgniter->tryToRouteIt()
 4 SYSTEMPATH/CodeIgniter.php(361): CodeIgniter\CodeIgniter->handleRequest()
 5 FCPATH/index.php(79): CodeIgniter\CodeIgniter->run()
 6 SYSTEMPATH/Commands/Server/rewrite.php(47): require_once('/home/aldair-martinez/Descargas/prueba_tecnica/public/index.php')
INFO - 2025-07-23 05:14:13 --> CSRF token verified.
INFO - 2025-07-23 05:14:13 --> Session: Class initialized using 'CodeIgniter\Session\Handlers\FileHandler' driver.
INFO - 2025-07-23 05:15:33 --> Session: Class initialized using 'CodeIgniter\Session\Handlers\FileHandler' driver.
INFO - 2025-07-23 05:15:39 --> CSRF token verified.
INFO - 2025-07-23 05:15:39 --> Session: Class initialized using 'CodeIgniter\Session\Handlers\FileHandler' driver.
